Removed Pin From Net: NetName=NetBUZZER_1 Pin=BUZZER-1
Removed Pin From Net: NetName=GND Pin=BUZZER-2
Removed Pin From Net: NetName=GND Pin=BUZZER-WARNING-2
Removed Member From Class: ClassName=Schematic Member=BUZZER-WARNING
Added Component: Designator=BUZZER(Header2)
Add component. Clean all parameters for all variants
Add component (AddParameter): Name = "ComponentLink1 Description"; Value = "Manufacturer"; VariantName = "[No Variations]"
Add component (AddParameter): Name = "ComponentLink1URL"; Value = "http://www.we-online.com"; VariantName = "[No Variations]"
Add component (AddParameter): Name = "ComponentLink2 Description"; Value = "Datasheet"; VariantName = "[No Variations]"
Add component (AddParameter): Name = "ComponentLink2URL"; Value = "http://katalog.we-online.de/em/datasheet/6130xx143121.pdf"; VariantName = "[No Variations]"
Add component (AddParameter): Name = "Created by"; Value = "Karrer Zheng"; VariantName = "[No Variations]"
Add component (AddParameter): Name = "Created Date"; Value = "29 March 2013"; VariantName = "[No Variations]"
Add component (AddParameter): Name = "Manufacturer"; Value = "W¨¹rth Elektronik eiSos GmbH"; VariantName = "[No Variations]"
Add component (AddParameter): Name = "NoPins"; Value = "02"; VariantName = "[No Variations]"
Add component (AddParameter): Name = "partNo"; Value = "613002143121"; VariantName = "[No Variations]"
Added Component: Designator=WARNING(Header2)
Add component. Clean all parameters for all variants
Add component (AddParameter): Name = "ComponentLink1 Description"; Value = "Manufacturer"; VariantName = "[No Variations]"
Add component (AddParameter): Name = "ComponentLink1URL"; Value = "http://www.we-online.com"; VariantName = "[No Variations]"
Add component (AddParameter): Name = "ComponentLink2 Description"; Value = "Datasheet"; VariantName = "[No Variations]"
Add component (AddParameter): Name = "ComponentLink2URL"; Value = "http://katalog.we-online.de/em/datasheet/6130xx143121.pdf"; VariantName = "[No Variations]"
Add component (AddParameter): Name = "Created by"; Value = "Karrer Zheng"; VariantName = "[No Variations]"
Add component (AddParameter): Name = "Created Date"; Value = "29 March 2013"; VariantName = "[No Variations]"
Add component (AddParameter): Name = "Manufacturer"; Value = "W¨¹rth Elektronik eiSos GmbH"; VariantName = "[No Variations]"
Add component (AddParameter): Name = "NoPins"; Value = "02"; VariantName = "[No Variations]"
Add component (AddParameter): Name = "partNo"; Value = "613002143121"; VariantName = "[No Variations]"
Added Pin To Net: NetName=NetBUZZER_1 Pin=BUZZER-1
Added Pin To Net: NetName=GND Pin=BUZZER-2
Added Pin To Net: NetName=GND Pin=WARNING-2
Added Pin To Net: NetName=NetQ2_1 Pin=Q2-1
Added Pin To Net: NetName=NetQ2_1 Pin=WARNING-1
Added Net: Name=NetQ2_1
Added Member To Class: ClassName=Schematic Member=Component WARNING Header2
Added Room: Name=Schematic
