Removed Pin From Net: NetName=+12V Pin=Conn-Sil-1
Removed Pin From Net: NetName=+12V Pin=Conn-Sil-2
Removed Pin From Net: NetName=+5V Pin=Conn-Sil-3
Removed Pin From Net: NetName=+5V Pin=Conn-Sil-4
Removed Pin From Net: NetName=GND Pin=Conn-Sil-5
Removed Pin From Net: NetName=GND Pin=Conn-Sil-6
Removed Pin From Net: NetName=GND Pin=Conn-Sil-7
Removed Pin From Net: NetName=GND Pin=Conn-Sil-8
Added Component: Designator=Conn-sil(JP2-C2T)
Add component. Clean all parameters for all variants
Add component (AddParameter): Name = "ComponentLink1 Description"; Value = "Manufacturer"; VariantName = "[No Variations]"
Add component (AddParameter): Name = "ComponentLink1URL"; Value = "http://www.we-online.com"; VariantName = "[No Variations]"
Add component (AddParameter): Name = "ComponentLink2 Description"; Value = "Datasheet"; VariantName = "[No Variations]"
Add component (AddParameter): Name = "ComponentLink2URL"; Value = "http://katalog.we-online.de/em/datasheet/6130xx21821.pdf"; VariantName = "[No Variations]"
Add component (AddParameter): Name = "Created by"; Value = "Karrer Zheng"; VariantName = "[No Variations]"
Add component (AddParameter): Name = "Created Date"; Value = "29 March 2013"; VariantName = "[No Variations]"
Add component (AddParameter): Name = "Manufacturer"; Value = "W¨¹rth Elektronik eiSos GmbH"; VariantName = "[No Variations]"
Add component (AddParameter): Name = "NoPins"; Value = "04"; VariantName = "[No Variations]"
Add component (AddParameter): Name = "partNo"; Value = "61300421821"; VariantName = "[No Variations]"
Added Pin To Net: NetName=+12V Pin=Conn-sil-1
Added Pin To Net: NetName=+5V Pin=Conn-sil-2
Added Pin To Net: NetName=GND Pin=Conn-sil-3
Added Pin To Net: NetName=GND Pin=Conn-sil-4
Added Room: Name=Schematic
