Removed Pin From Net: NetName=RST_ATM Pin=R5-1
Removed Pin From Net: NetName=+5V Pin=R5-2
Removed Pin From Net: NetName=RST_ESP Pin=R6-1
Removed Pin From Net: NetName=+3.3V Pin=R6-2
Removed Pin From Net: NetName=BT_DOOR Pin=R16-1
Removed Pin From Net: NetName=+5V Pin=R16-2
Removed Pin From Net: NetName=BT_LIGHT Pin=R17-1
Removed Pin From Net: NetName=+5V Pin=R17-2
Removed Member From Class: ClassName=Schematic Member=R5
Removed Member From Class: ClassName=Schematic Member=R6
Removed Member From Class: ClassName=Schematic Member=R16
Removed Member From Class: ClassName=Schematic Member=R17
Change component parameters: Designator = "L1"; Footprint = "L-SMD-M-12x10"; UniqueID = "\DIKOMIBG"
Change component parameters. Clean all parameters for all variants
Change component parameters (AddParameter): Name = "ComponentLink1Description"; Value = "Manufacturer"; VariantName = "[No Variations]"
Change component parameters (AddParameter): Name = "ComponentLink1URL"; Value = "http://www.we-online.de"; VariantName = "[No Variations]"
Change component parameters (AddParameter): Name = "ComponentLink2Description"; Value = "Datasheet"; VariantName = "[No Variations]"
Change component parameters (AddParameter): Name = "ComponentLink2URL"; Value = "http://katalog.we-online.de/pbs/datasheet/78477010.pdf"; VariantName = "[No Variations]"
Change component parameters (AddParameter): Name = "Created by"; Value = "Baojun Chen"; VariantName = "[No Variations]"
Change component parameters (AddParameter): Name = "Created Date"; Value = "Nov.2015"; VariantName = "[No Variations]"
Change component parameters (AddParameter): Name = "Inductance"; Value = "1.0 µH"; VariantName = "[No Variations]"
Change component parameters (AddParameter): Name = "Manufacturer"; Value = "Wurth Elektronik"; VariantName = "[No Variations]"
Change component parameters (AddParameter): Name = "partNo"; Value = "78477010"; VariantName = "[No Variations]"
Added Component: Designator=RPB1(RN4)
Add component. Clean all parameters for all variants
Add component (AddParameter): Name = "Value"; Value = "Tro thanh 10K"; VariantName = "[No Variations]"
Added Pin To Net: NetName=+5V Pin=RPB1-1
Added Pin To Net: NetName=BT_DOOR Pin=RPB1-2
Added Pin To Net: NetName=BT_LIGHT Pin=RPB1-3
Added Pin To Net: NetName=RST_ATM Pin=RPB1-4
Added Pin To Net: NetName=RST_ESP Pin=RPB1-5
Change Net Name : Old Net Name=RST_ATM New Net Name=RP3
Change Net Name : Old Net Name=RST_ESP New Net Name=RP4
Added Member To Class: ClassName=Schematic Member=Component RPB1 1K
Added Room: Name=Schematic
